* using log directory 'G:/Projects/TOOLS/R tools/spectrakit_package/spectrakit.Rcheck'
* using R version 4.5.1 (2025-06-13 ucrt)
* using platform: x86_64-w64-mingw32
* R was compiled by
    gcc.exe (GCC) 14.2.0
    GNU Fortran (GCC) 14.2.0
* running under: Windows 11 x64 (build 22631)
* using session charset: UTF-8
* using option '--as-cran'
* checking for file 'spectrakit/DESCRIPTION' ... OK
* checking extension type ... Package
* this is package 'spectrakit' version '0.1.2'
* package encoding: UTF-8
* checking CRAN incoming feasibility ... [16s] OK
* checking package namespace information ... OK
* checking package dependencies ... OK
* checking if this is a source package ... OK
* checking if there is a namespace ... OK
* checking for executable files ... OK
* checking for hidden files and directories ... OK
* checking for portable file names ... OK
* checking serialization versions ... OK
* checking whether package 'spectrakit' can be installed ... [22s] OK
* checking installed package size ... OK
* checking package directory ... OK
* checking for future file timestamps ... OK
* checking DESCRIPTION meta-information ... OK
* checking top-level files ... OK
* checking for left-over files ... OK
* checking index information ... OK
* checking package subdirectories ... OK
* checking code files for non-ASCII characters ... OK
* checking R files for syntax errors ... OK
* checking whether the package can be loaded ... OK
* checking whether the package can be loaded with stated dependencies ... OK
* checking whether the package can be unloaded cleanly ... OK
* checking whether the namespace can be loaded with stated dependencies ... OK
* checking whether the namespace can be unloaded cleanly ... OK
* checking loading without being on the library search path ... OK
* checking use of S3 registration ... OK
* checking dependencies in R code ... NOTE
Namespace in Imports field not imported from: 'grid'
  All declared Imports should be used.
* checking S3 generic/method consistency ... OK
* checking replacement functions ... OK
* checking foreign function calls ... OK
* checking R code for possible problems ... [13s] OK
* checking Rd files ... OK
* checking Rd metadata ... OK
* checking Rd line widths ... OK
* checking Rd cross-references ... OK
* checking for missing documentation entries ... OK
* checking for code/documentation mismatches ... OK
* checking Rd \usage sections ... OK
* checking Rd contents ... OK
* checking for unstated dependencies in examples ... OK
* checking examples ... ERROR
Running examples in 'spectrakit-Ex.R' failed
The error most likely occurred in:

> base::assign(".ptime", proc.time(), pos = "CheckExEnv")
> ### Name: plotPCA
> ### Title: Perform PCA and Create a Plot of Scores, Loadings, or Biplot
> ### Aliases: plotPCA
> 
> ### ** Examples
> 
> plotPCA(
+   data = iris,
+   color_var = "Species",
+   shape_var = "Species",
+   plot_type = "biplot",
+   palette = "Dark2",
+   show_labels = TRUE,
+   ellipses = TRUE,
+   display_names = TRUE,
+   legend_title = "Iris Species"
+ )
Ignoring unknown labels:
• colour : "Iris Species"
Error in `stat_ellipse()`:
! Problem while computing stat.
ℹ Error occurred in the 4th layer.
Caused by error in `setup_params()`:
! The package "MASS" is required for calculating ellipses with `type =
  "t"`.
Backtrace:
     ▆
  1. ├─base (local) `<fn>`(x)
  2. ├─ggplot2 (local) `print.ggplot2::ggplot`(x)
  3. │ ├─ggplot2::ggplot_build(x)
  4. │ └─ggplot2 (local) `ggplot_build.ggplot2::ggplot`(x)
  5. │   └─ggplot2:::by_layer(...)
  6. │     ├─rlang::try_fetch(...)
  7. │     │ ├─base::tryCatch(...)
  8. │     │ │ └─base (local) tryCatchList(expr, classes, parentenv, handlers)
  9. │     │ │   └─base (local) tryCatchOne(expr, names, parentenv, handlers[[1L]])
 10. │     │ │     └─base (local) doTryCatch(return(expr), name, parentenv, handler)
 11. │     │ └─base::withCallingHandlers(...)
 12. │     └─ggplot2 (local) f(l = layers[[i]], d = data[[i]])
 13. │       └─l$compute_statistic(d, layout)
 14. │         └─ggplot2 (local) compute_statistic(..., self = self)
 15. │           └─self$stat$setup_params(data, self$stat_params)
 16. │             └─ggplot2 (local) setup_params(...)
 17. │               └─rlang::check_installed("MASS", "for calculating ellipses with `type = \"t\"`.")
 18. │                 └─base::stop(cnd)
 19. └─rlang (local) `<fn>`(`<rlb_r___>`)
 20.   └─handlers[[1L]](cnd)
 21.     └─cli::cli_abort(...)
 22.       └─rlang::abort(...)
Execution halted
* checking PDF version of manual ... WARNING
LaTeX errors when creating PDF version.
This typically indicates Rd problems.
* checking PDF version of manual without index ... ERROR
Re-running with no redirection of stdout/stderr.
* checking HTML version of manual ... OK
* checking for non-standard things in the check directory ... NOTE
Found the following files/directories:
  'spectrakit-manual.tex'
* checking for detritus in the temp directory ... OK
* DONE
Status: 2 ERRORs, 1 WARNING, 2 NOTEs
